[20211130-172646:141903][10504]Error in epoll_wait: Invalid argument
[20211130-174042:579673][18481]       ESP Conns: 6
[20211130-174042:579958][18481]     CompressReq: #0:0, Alloc=0 B
[20211130-174042:579974][18481]        TokenReq: #0:0, Alloc=0 B
[20211130-174042:579980][18481]   SpeedTokenReq: #0:0, Alloc=0 B
[20211130-174042:579994][18481]    ESPMsgBufCtx: #123:128, Alloc=5.50 KB
[20211130-174042:580000][18481]     PReadReqCtx: #0:0, Alloc=0 B
[20211130-174042:580006][18481]     MetaReqPool: #32:32, Alloc=3.88 KB
[20211130-174042:580011][18481]     BlockPacket: #8:40, Alloc=6.72 KB
[20211130-174042:580016][18481]  BlockPacketReq: #9:10, Alloc=2.70 KB
[20211130-174042:580021][18481]    BlockMetaCtx: #10:10, Alloc=4.10 KB
[20211130-174042:580026][18481]   AppendRequest: #9:10, Alloc=1.29 KB
[20211130-174042:580031][18481]    CloseRequest: #0:0, Alloc=0 B
[20211130-174042:580036][18481]    FlushRequest: #0:0, Alloc=0 B
[20211130-174042:580041][18481]RefreshFileRequest: #0:0, Alloc=0 B
[20211130-174042:580046][18481]     ReadRequest: #0:0, Alloc=0 B
[20211130-174042:580051][18481] ReadSeekRequest: #0:0, Alloc=0 B
[20211130-174042:580055][18481]   DeleteRequest: #0:0, Alloc=0 B
[20211130-174042:580060][18481]inode_cache_info_pool: #0:0, Alloc=0 B
[20211130-174042:580067][18481]        talk_req: #1019:1024, Alloc=156.00 KB
[20211130-174042:580073][18481]     message_ctx: #1019:1024, Alloc=124.00 KB
[20211130-174042:580078][18481]       BufHandle: #1018:1024, Alloc=36.00 KB
[20211130-174042:580084][18481]      TranBuffer: #65530:65536:131072 (100.0%), Max=1.00 GB
[20211130-174042:580091][18481]         MsgPool: #1018:1024, Alloc=128.00 KB
[20211130-174042:580096][18481]        CodecReq: #0:0, Alloc=0 B
[20211130-174042:580102][18481]           Total: Free=512.40 MB, Alloc=524756 KB (512.46 MB)
[20211130-174042:580108][18481]Exec total 7265 jobs
[20211130-174042:580113][18481]Exec #0(18481) queue: 3:1416 jobs, working
[20211130-174042:580118][18481]Exec #1(18482) queue: 0:607 jobs
[20211130-174042:580123][18481]Exec #2(18483) queue: 0:1266 jobs
[20211130-174042:580127][18481]Exec #3(18484) queue: 0:2 jobs
[20211130-174042:580132][18481]Exec #4(18485) queue: 0:2 jobs
[20211130-174042:580136][18481]Exec #5(18486) queue: 0:2427 jobs
[20211130-174042:580141][18481]Exec #6(18487) queue: 0:323 jobs
[20211130-174042:580145][18481]Exec #7(18488) queue: 0:0 jobs
[20211130-174042:580150][18481]Exec #8(18489) queue: 0:0 jobs
[20211130-174042:580154][18481]Exec #9(18490) queue: 0:6 jobs
[20211130-174042:580159][18481]Exec #10(18491) queue: 0:6 jobs
[20211130-174042:580164][18481]Exec #11(18494) queue: 0:1173 jobs
[20211130-174042:580168][18481]Exec #12(18495) queue: 0:37 jobs
[20211130-174123:594371][7795]Error in bind(TCP, 39646): Address already in use
[20211130-174124:094466][7795]Retry 1
[20211130-174124:094513][7795]Error in bind(TCP, 39646): Address already in use
[20211130-174124:594580][7795]Retry 2
[20211130-174124:594631][7795]Error in bind(TCP, 39646): Address already in use
[20211130-194055:014159][9570]Error in epoll_wait: Invalid argument
[20211130-200603[20211207-141103:201529][11284]Error in epoll_wait: Invalid argument
[20211207-151512:198841][20438]Error in epoll_wait: Invalid argument
[20211207-161708:675619][22095]Error in epoll_wait: Invalid argument
[20211207-162438:759620][22524]Error in epoll_wait: Invalid argument
[20211208-165241:809296][27787]Error in epoll_wait: Invalid argument
[20211209-011329:670837][29019]Error in epoll_wait: Bad file descriptor
[20211209-013921:046392][29731]Error in epoll_wait: Invalid argument
[20211209-160615:821332][32359]       ESP Conns: 7
[20211209-160615:821422][32359]     CompressReq: #0:0, Alloc=0 B
[20211209-160615:821430][32359]        TokenReq: #0:0, Alloc=0 B
[20211209-160615:821435][32359]   SpeedTokenReq: #0:0, Alloc=0 B
[20211209-160615:821452][32359]    ESPMsgBufCtx: #123:128, Alloc=5.50 KB
[20211209-160615:821458][32359]     PReadReqCtx: #0:0, Alloc=0 B
[20211209-160615:821464][32359]     MetaReqPool: #32:32, Alloc=3.88 KB
[20211209-160615:821469][32359]     BlockPacket: #8:40, Alloc=6.72 KB
[20211209-160615:821485][32359]  BlockPacketReq: #9:10, Alloc=2.70 KB
[20211209-160615:821491][32359]    BlockMetaCtx: #10:10, Alloc=4.10 KB
[20211209-160615:821496][32359]   AppendRequest: #9:10, Alloc=1.29 KB
[20211209-160615:821501][32359]    CloseRequest: #0:0, Alloc=0 B
[20211209-160615:821505][32359]    FlushRequest: #0:0, Alloc=0 B
[20211209-160615:821510][32359]RefreshFileRequest: #0:0, Alloc=0 B
[20211209-160615:821515][32359]     ReadRequest: #0:0, Alloc=0 B
[20211209-160615:821520][32359] ReadSeekRequest: #0:0, Alloc=0 B
[20211209-160615:821524][32359]   DeleteRequest: #0:0, Alloc=0 B
[20211209-160615:821530][32359]inode_cache_info_pool: #0:0, Alloc=0 B
[20211209-160615:821539][32359]        talk_req: #1019:1024, Alloc=156.00 KB
[20211209-160615:821545][32359]     message_ctx: #1019:1024, Alloc=124.00 KB
[20211209-160615:821551][32359]       BufHandle: #1017:1024, Alloc=36.00 KB
[20211209-160615:821557][32359]      TranBuffer: #65529:65536:131072 (100.0%), Max=1.00 GB
[20211209-160615:821565][32359]         MsgPool: #1017:1024, Alloc=128.00 KB
[20211209-160615:821569][32359]        CodecReq: #0:0, Alloc=0 B
[20211209-160615:821576][32359]           Total: Free=512.39 MB, Alloc=524756 KB (512.46 MB)
[20211209-160615:821581][32359]Exec total 8054 jobs
[20211209-160615:821587][32359]Exec #0(32359) queue: 4:1541 jobs, working
[20211209-160615:821592][32359]Exec #1(32360) queue: 0:607 jobs
[20211209-160615:821597][32359]Exec #2(32361) queue: 0:1282 jobs
[20211209-160615:821601][32359]Exec #3(32362) queue: 0:2 jobs
[20211209-160615:821606][32359]Exec #4(32363) queue: 0:4 jobs
[20211209-160615:821611][32359]Exec #5(32364) queue: 0:2708 jobs
[20211209-160615:821615][32359]Exec #6(32365) queue: 0:383 jobs
[20211209-160615:821620][32359]Exec #7(32366) queue: 0:0 jobs
[20211209-160615:821625][32359]Exec #8(32367) queue: 0:0 jobs
[20211209-160615:821629][32359]Exec #9(32368) queue: 0:9 jobs
[20211209-160615:821634][32359]Exec #10(32369) queue: 0:1481 jobs
[20211209-160615:821639][32359]Exec #11(32370) queue: 0:6 jobs
[20211209-160615:821643][32359]Exec #12(32371) queue: 0:31 jobs
[20211209-171010:340340][525]Error in epoll_wait: Invalid argument
[20211209-171010:340438][526]Error in epoll_wait: Invalid argument
[20211209-203122:540679][1765]Error in epoll_wait: Invalid argument
[20211209-203122:540838][1766]Error in epoll_wait: Invalid argument
[20211213-174932:177332][859]Error in epoll_wait: Invalid argument
[20211214-132523:649191][1731]Error in epoll_wait: Invalid argument
[20211214-143625:606961][2594]       ESP Conns: 5
[20211214-143625:607061][2594]     CompressReq: #0:0, Alloc=0 B
[20211214-143625:607069][2594]        TokenReq: #0:0, Alloc=0 B
[20211214-143625:607075][2594]   SpeedTokenReq: #0:0, Alloc=0 B
[20211214-143625:607081][2594]    ESPMsgBufCtx: #0:0, Alloc=0 B
[20211214-143625:607086][2594]     PReadReqCtx: #0:0, Alloc=0 B
[20211214-143625:607092][2594]     MetaReqPool: #0:0, Alloc=0 B
[20211214-143625:607097][2594]     BlockPacket: #0:0, Alloc=0 B
[20211214-143625:607103][2594]  BlockPacketReq: #0:0, Alloc=0 B
[20211214-143625:607108][2594]    BlockMetaCtx: #0:0, Alloc=0 B
[20211214-143625:607113][2594]   AppendRequest: #0:0, Alloc=0 B
[20211214-143625:607119][2594]    CloseRequest: #0:0, Alloc=0 B
[20211214-143625:607124][2594]    FlushRequest: #0:0, Alloc=0 B
[20211214-143625:607129][2594]RefreshFileRequest: #0:0, Alloc=0 B
[20211214-143625:607135][2594]     ReadRequest: #0:0, Alloc=0 B
[20211214-143625:607140][2594] ReadSeekRequest: #0:0, Alloc=0 B
[20211214-143625:607145][2594]   DeleteRequest: #0:0, Alloc=0 B
[20211214-143625:607150][2594]inode_cache_info_pool: #0:0, Alloc=0 B
[20211214-143625:607168][2594]        talk_req: #1023:1024, Alloc=156.00 KB
[20211214-143625:607175][2594]     message_ctx: #1023:1024, Alloc=124.00 KB
[20211214-143625:607181][2594]       BufHandle: #1018:1024, Alloc=36.00 KB
[20211214-143625:607187][2594]      TranBuffer: #65530:65536:131072 (100.0%), Max=1.00 GB
[20211214-143625:607195][2594]         MsgPool: #1019:1024, Alloc=128.00 KB
[20211214-143625:607201][2594]        CodecReq: #0:0, Alloc=0 B
[20211214-143625:607218][2594]           Total: Free=512.39 MB, Alloc=524732 KB (512.43 MB)
[20211214-143625:607224][2594]Exec total 1367 jobs
[20211214-143625:607229][2594]Exec #0(2594) queue: 3:740 jobs, working
[20211214-143625:607235][2594]Exec #1(2595) queue: 0:613 jobs
[20211214-143625:607240][2594]Exec #2(2596) queue: 0:0 jobs
[20211214-143625:607244][2594]Exec #3(2597) queue: 0:0 jobs
[20211214-143625:607249][2594]Exec #4(2598) queue: 0:0 jobs
[20211214-143625:607254][2594]Exec #5(2599) queue: 0:2 jobs
[20211214-143625:607259][2594]Exec #6(2600) queue: 0:4 jobs
[20211214-143625:607263][2594]Exec #7(2601) queue: 0:0 jobs
[20211214-143625:607268][2594]Exec #8(2602) queue: 0:0 jobs
[20211214-143625:607272][2594]Exec #9(2603) queue: 0:5 jobs
[20211214-143625:607277][2594]Exec #10(2604) queue: 0:3 jobs
[20211214-143625:607282][2594]Exec #11(2605) queue: 0:0 jobs
[20211214-143625:607286][2594]Exec #12(2606) queue: 0:0 jobs
[20211214-143725:605167][2594]       ESP Conns: 6
[20211214-143725:605219][2594]     CompressReq: #0:0, Alloc=0 B
[20211214-143725:605227][2594]        TokenReq: #0:0, Alloc=0 B
[20211214-143725:605232][2594]   SpeedTokenReq: #0:0, Alloc=0 B
[20211214-143725:605238][2594]    ESPMsgBufCtx: #0:0, Alloc=0 B
[20211214-143725:605243][2594]     PReadReqCtx: #0:0, Alloc=0 B
[20211214-143725:605248][2594]     MetaReqPool: #0:0, Alloc=0 B
[20211214-143725:605254][2594]     BlockPacket: #0:0, Alloc=0 B
[20211214-143725:605259][2594]  BlockPacketReq: #0:0, Alloc=0 B
[20211214-143725:605265][2594]    BlockMetaCtx: #0:0, Alloc=0 B
[20211214-143725:605270][2594]   AppendRequest: #0:0, Alloc=0 B
[20211214-143725:605275][2594]    CloseRequest: #0:0, Alloc=0 B
[20211214-143725:605281][2594]    FlushRequest: #0:0, Alloc=0 B
[20211214-143725:605286][2594]RefreshFileRequest: #0:0, Alloc=0 B
[20211214-143725:605291][2594]     ReadRequest: #0:0, Alloc=0 B
[20211214-143725:605296][2594] ReadSeekRequest: #0:0, Alloc=0 B
[20211214-143725:605301][2594]   DeleteRequest: #0:0, Alloc=0 B
[20211214-143725:605307][2594]inode_cache_info_pool: #0:0, Alloc=0 B
[20211214-143725:605325][2594]        talk_req: #1023:1024, Alloc=156.00 KB
[20211214-143725:605332][2594]     message_ctx: #1023:1024, Alloc=124.00 KB
[20211214-143725:605338][2594]       BufHandle: #1017:1024, Alloc=36.00 KB
[20211214-143725:605344][2594]      TranBuffer: #65529:65536:131072 (100.0%), Max=1.00 GB
[20211214-143725:605352][2594]         MsgPool: #1018:1024, Alloc=128.00 KB
[20211214-143725:605358][2594]        CodecReq: #0:0, Alloc=0 B
[20211214-143725:605365][2594]           Total: Free=512.38 MB, Alloc=524732 KB (512.43 MB)
[20211214-143725:605371][2594]Exec total 2706 jobs
[20211214-143725:605376][2594]Exec #0(2594) queue: 0:1470 jobs, working
[20211214-143725:605382][2594]Exec #1(2595) queue: 0:1217 jobs
[20211214-143725:605388][2594]Exec #2(2596) queue: 0:0 jobs
[20211214-143725:605393][2594]Exec #3(2597) queue: 0:0 jobs
[20211214-143725:605399][2594]Exec #4(2598) queue: 0:0 jobs
[20211214-143725:605420][2594]Exec #5(2599) queue: 0:4 jobs, working
[20211214-143725:605426][2594]Exec #6(2600) queue: 0:6 jobs
[20211214-143725:605431][2594]Exec #7(2601) queue: 0:0 jobs
[20211214-143725:605436][2594]Exec #8(2602) queue: 0:0 jobs
[20211214-143725:605442][2594]Exec #9(2603) queue: 0:6 jobs
[20211214-143725:605447][2594]Exec #10(2604) queue: 0:3 jobs
[20211214-143725:605452][2594]Exec #11(2605) queue: 0:0 jobs
[20211214-143725:605458][2594]Exec #12(2606) queue: 0:0 jobs
[20211214-143825:611965][2594]       ESP Conns: 6
[20211214-143825:612017][2594]     CompressReq: #0:0, Alloc=0 B
[20211214-143825:612025][2594]        TokenReq: #0:0, Alloc=0 B
[20211214-143825:612031][2594]   SpeedTokenReq: #0:0, Alloc=0 B
[20211214-143825:612037][2594]    ESPMsgBufCtx: #0:0, Alloc=0 B
[20211214-143825:612042][2594]     PReadReqCtx: #0:0, Alloc=0 B
[20211214-143825:612048][2594]     MetaReqPool: #0:0, Alloc=0 B
[20211214-143825:612053][2594]     BlockPacket: #0:0, Alloc=0 B
[20211214-143825:612059][2594]  BlockPacketReq: #0:0, Alloc=0 B
[20211214-143825:612071][2594]    BlockMetaCtx: #0:0, Alloc=0 B
[20211214-143825:612077][2594]   AppendRequest: #0:0, Alloc=0 B
[20211214-143825:612082][2594]    CloseRequest: #0:0, Alloc=0 B
[20211214-143825:612086][2594]    FlushRequest: #0:0, Alloc=0 B
[20211214-143825:612091][2594]RefreshFileRequest: #0:0, Alloc=0 B
[20211214-143825:612096][2594]     ReadRequest: #0:0, Alloc=0 B
[20211214-143825:612101][2594] ReadSeekRequest: #0:0, Alloc=0 B
[20211214-143825:612105][2594]   DeleteRequest: #0:0, Alloc=0 B
[20211214-143825:612110][2594]inode_cache_info_pool: #0:0, Alloc=0 B
[20211214-143825:612121][2594]        talk_req: #1023:1024, Alloc=156.00 KB
[20211214-143825:612127][2594]     message_ctx: #1023:1024, Alloc=124.00 KB
[20211214-143825:612133][2594]       BufHandle: #1017:1024, Alloc=36.00 KB
[20211214-143825:612139][2594]      TranBuffer: #65529:65536:131072 (100.0%), Max=1.00 GB
[20211214-143825:612147][2594]         MsgPool: #1018:1024, Alloc=128.00 KB
[20211214-143825:612152][2594]        CodecReq: #0:0, Alloc=0 B
[20211214-143825:612159][2594]           Total: Free=512.38 MB, Alloc=524732 KB (512.43 MB)
[20211214-143825:612164][2594]Exec total 4052 jobs
[20211214-143825:612169][2594]Exec #0(2594) queue: 3:2206 jobs, working
[20211214-143825:612175][2594]Exec #1(2595) queue: 0:1819 jobs
[20211214-143825:612180][2594]Exec #2(2596) queue: 0:0 jobs
[20211214-143825:612184][2594]Exec #3(2597) queue: 0:0 jobs
[20211214-143825:612189][2594]Exec #4(2598) queue: 0:0 jobs
[20211214-143825:612194][2594]Exec #5(2599) queue: 0:6 jobs
[20211214-143825:612199][2594]Exec #6(2600) queue: 0:12 jobs
[20211214-143825:612203][2594]Exec #7(2601) queue: 0:0 jobs
[20211214-143825:612208][2594]Exec #8(2602) queue: 0:0 jobs
[20211214-143825:612213][2594]Exec #9(2603) queue: 0:6 jobs
[20211214-143825:612218][2594]Exec #10(2604) queue: 0:3 jobs
[20211214-143825:612223][2594]Exec #11(2605) queue: 0:0 jobs
[20211214-143825:612227][2594]Exec #12(2606) queue: 0:0 jobs
[20211214-144332:153391][3009]Error in epoll_wait: Invalid argument
[20211214-145821:054358][3423]Error in epoll_wait: Invalid argument
[20211216-002822:430473][16256]Error in epoll_wait: Invalid argument
[20211216-002822:430473][16256]Error in epoll_wait: Invalid argument
[20211216-095401:510480][18572]Error in epoll_wait: Invalid argument
[20211216-095501:618850][18861]Error in epoll_wait: Invalid argument
[20211216-165851:283395][20212]Error in epoll_wait: Invalid argument
[20211216-165851:283394][20214]Error in epoll_wait: Invalid argument
[20211217-002147:028891][21323]Error in epoll_wait: Invalid argument
[20211220-001906:447333][24105]Error in epoll_wait: Invalid argument
[20211220-003743:673960][25326]Error in epoll_wait: Invalid argument
[20211220-003743:673960][25326]Error in epoll_wait: Invalid argument
[20211220-004239:831622][25563]Error in epoll_wait: Invalid argument
[20211220-010314:829330][25849]Error in epoll_wait: Invalid argument
[20211220-010618:847387][26498]Error in epoll_wait: Bad file descriptor
[20211220-010618:847441][26497]Error in epoll_wait: Invalid argument
[20211220-011711:197774][26915]Error in epoll_wait: Invalid argument
[20211220-131924:692634][27968]Error in epoll_wait: Invalid argument
[20211220-133300:772336][29082]Error in epoll_wait: Invalid argument
[20211220-133317:337624][29195]Error in epoll_wait: Invalid argument
[20211220-133350:793335][29263]Error in epoll_wait: Invalid argument
[20211220-151703:940137][30453]Error in epoll_wait: Invalid argument
[20211220-184538:705138][5503]Error in epoll_wait: Invalid argument
[20211220-184912:749088][6483]       ESP Conns: 7
[20211220-184912:749320][6483]     CompressReq: #0:0, Alloc=0 B
[20211220-184912:749350][6483]        TokenReq: #0:0, Alloc=0 B
[20211220-184912:749357][6483]   SpeedTokenReq: #0:0, Alloc=0 B
[20211220-184912:749373][6483]    ESPMsgBufCtx: #127:128, Alloc=5.50 KB
[20211220-184912:749379][6483]     PReadReqCtx: #0:0, Alloc=0 B
[20211220-184912:749385][6483]     MetaReqPool: #32:32, Alloc=3.88 KB
[20211220-184912:749392][6483]     BlockPacket: #8:40, Alloc=6.72 KB
[20211220-184912:749397][6483]  BlockPacketReq: #9:10, Alloc=2.70 KB
[20211220-184912:749413][6483]    BlockMetaCtx: #10:10, Alloc=4.10 KB
[20211220-184912:749419][6483]   AppendRequest: #9:10, Alloc=1.29 KB
[20211220-184912:749424][6483]    CloseRequest: #0:0, Alloc=0 B
[20211220-184912:749429][6483]    FlushRequest: #0:0, Alloc=0 B
[20211220-184912:749434][6483]RefreshFileRequest: #0:0, Alloc=0 B
[20211220-184912:749438][6483]     ReadRequest: #0:0, Alloc=0 B
[20211220-184912:749443][6483] ReadSeekRequest: #0:0, Alloc=0 B
[20211220-184912:749448][6483]   DeleteRequest: #0:0, Alloc=0 B
[20211220-184912:749453][6483]inode_cache_info_pool: #0:0, Alloc=0 B
[20211220-184912:749462][6483]        talk_req: #1023:1024, Alloc=156.00 KB
[20211220-184912:749468][6483]     message_ctx: #1023:1024, Alloc=124.00 KB
[20211220-184912:749474][6483]       BufHandle: #1017:1024, Alloc=36.00 KB
[20211220-184912:749480][6483]      TranBuffer: #65529:65536:131072 (100.0%), Max=1.00 GB
[20211220-184912:749487][6483]         MsgPool: #1017:1024, Alloc=128.00 KB
[20211220-184912:749492][6483]        CodecReq: #0:0, Alloc=0 B
[20211220-184912:749499][6483]           Total: Free=512.40 MB, Alloc=524756 KB (512.46 MB)
[20211220-184912:749505][6483]Exec total 4814 jobs
[20211220-184912:749511][6483]Exec #0(6483) queue: 3:926 jobs, working
[20211220-184912:749516][6483]Exec #1(6484) queue: 0:607 jobs
[20211220-184912:749521][6483]Exec #2(6485) queue: 0:1295 jobs
[20211220-184912:749526][6483]Exec #3(6486) queue: 0:0 jobs
[20211220-184912:749531][6483]Exec #4(6487) queue: 0:0 jobs
[20211220-184912:749535][6483]Exec #5(6488) queue: 0:1605 jobs
[20211220-184912:749540][6483]Exec #6(6489) queue: 0:6 jobs
[20211220-184912:749545][6483]Exec #7(6490) queue: 0:0 jobs
[20211220-184912:749550][6483]Exec #8(6491) queue: 0:0 jobs
[20211220-184912:749555][6483]Exec #9(6492) queue: 0:9 jobs
[20211220-184912:749560][6483]Exec #10(6493) queue: 0:326 jobs
[20211220-184912:749565][6483]Exec #11(6494) queue: 0:6 jobs
[20211220-184912:749569][6483]Exec #12(6495) queue: 0:34 jobs
[20211221-144031:348144][11035]Error in epoll_wait: Invalid argument
[20211221-190821:244026][12099]Error in epoll_wait: Invalid argument
[20211221-191132:020166][12818]Error in epoll_wait: Invalid argument
[20211221-191133:033081][12874]Error in epoll_wait: Invalid argument
[20211221-191133:033081][12874]Error in epoll_wait: Invalid argument
[20211222-011833:000324][13905]Error in epoll_wait: Invalid argument
[20211222-175947:014223][16864]Error in epoll_wait: Invalid argument
[20211222-175947:014223][16864]Error in epoll_wait: Invalid argument
[20211222-180005:036298][16921]Error in epoll_wait: Invalid argument
[20211222-180509:946852][21221]Error in epoll_wait: Invalid argument
[20211222-180528:932208][21277]Error in epoll_wait: Invalid argument
[20211222-180528:932208][21277]Error in epoll_wait: Invalid argument
[20211222-180617:195428][21914]Error in epoll_wait: Invalid argument
[20211222-180617:195428][21914]Error in epoll_wait: Invalid argument
[20211223-155604:867400][4230]Error in epoll_wait: Invalid argument
[20211223-155604:867498][4231]Error in epoll_wait: Invalid argument
[20211223-155606:875025][4337]Error in epoll_wait: Invalid argument
[20211223-155711:195180][4465]Error in epoll_wait: Invalid argument
[20211223-[20211223-155712:208506][4518]Error in epoll_wait: Invalid argument
[20211223-155712:208508][4516[20211223-155751:724825][4696]Error in epoll_wait: Invalid argument
[20211223-155819:551972][4932]Error in epoll_wait: Invalid argument
[20211226-142813:589443][7987]       ESP Conns: 6
[20211226-142813:589536][7987]     CompressReq: #0:0, Alloc=0 B
[20211226-142813:589545][7987]        TokenReq: #0:0, Alloc=0 B
[20211226-142813:589552][7987]   SpeedTokenReq: #0:0, Alloc=0 B
[20211226-142813:589557][7987]    ESPMsgBufCtx: #0:0, Alloc=0 B
[20211226-142813:589563][7987]     PReadReqCtx: #0:0, Alloc=0 B
[20211226-142813:589568][7987]     MetaReqPool: #0:0, Alloc=0 B
[20211226-142813:589574][7987]     BlockPacket: #0:0, Alloc=0 B
[20211226-142813:589579][7987]  BlockPacketReq: #0:0, Alloc=0 B
[20211226-142813:589595][7987]    BlockMetaCtx: #0:0, Alloc=0 B
[20211226-142813:589601][7987]   AppendRequest: #0:0, Alloc=0 B
[20211226-142813:589605][7987]    CloseRequest: #0:0, Alloc=0 B
[20211226-142813:589610][7987]    FlushRequest: #0:0, Alloc=0 B
[20211226-142813:589615][7987]RefreshFileRequest: #0:0, Alloc=0 B
[20211226-142813:589620][7987]     ReadRequest: #0:0, Alloc=0 B
[20211226-142813:589624][7987] ReadSeekRequest: #0:0, Alloc=0 B
[20211226-142813:589629][7987]   DeleteRequest: #0:0, Alloc=0 B
[20211226-142813:589634][7987]inode_cache_info_pool: #0:0, Alloc=0 B
[20211226-142813:589650][7987]        talk_req: #1023:1024, Alloc=156.00 KB
[20211226-142813:589657][7987]     message_ctx: #1023:1024, Alloc=124.00 KB
[20211226-142813:589662][7987]       BufHandle: #1017:1024, Alloc=36.00 KB
[20211226-142813:589668][7987]      TranBuffer: #65529:65536:131072 (100.0%), Max=1.00 GB
[20211226-142813:589676][7987]         MsgPool: #1018:1024, Alloc=128.00 KB
[20211226-142813:589681][7987]        CodecReq: #0:0, Alloc=0 B
[20211226-142813:589687][7987]           Total: Free=512.38 MB, Alloc=524732 KB (512.43 MB)
[20211226-142813:589693][7987]Exec total 1372 jobs
[20211226-142813:589698][7987]Exec #0(7987) queue: 3:742 jobs, working
[20211226-142813:589703][7987]Exec #1(7988) queue: 0:613 jobs
[20211226-142813:589708][7987]Exec #2(7989) queue: 0:0 jobs
[20211226-142813:589713][7987]Exec #3(7990) queue: 0:2 jobs
[20211226-142813:589718][7987]Exec #4(7991) queue: 0:0 jobs
[20211226-142813:589723][7987]Exec #5(7992) queue: 0:0 jobs
[20211226-142813:589727][7987]Exec #6(7993) queue: 0:4 jobs
[20211226-142813:589732][7987]Exec #7(7994) queue: 0:0 jobs
[20211226-142813:589737][7987]Exec #8(7995) queue: 0:0 jobs
[20211226-142813:589742][7987]Exec #9(7996) queue: 0:3 jobs
[20211226-142813:589746][7987]Exec #10(7997) queue: 0:3 jobs
[20211226-142813:589751][7987]Exec #11(7998) queue: 0:5 jobs
[20211226-142813:589756][7987]Exec #12(7999) queue: 0:0 jobs
[20211226-142946:595562][8228]Error in epoll_wait: Invalid argument
[20211227-134342:626314][9877]Error in epoll_wait: Invalid argument
[20211227-134737:091907][11047]Error in epoll_wait: Invalid argument
[20211228-150054:901081][15274]Error in epoll_wait: Invalid argument
[20211228-150218:080904][15919]Error in epoll_wait: Invalid argument
[20211228-162442:421509][17280]Error in epoll_wait: Invalid argument
[20211229-162736:367398][21332]Error in epoll_wait: Invalid argument
[20211229-162923:586628][21801]Error in epoll_wait: Invalid argument
[20220101-134419:036094][24511]Error in epoll_wait: Invalid argument
[20220101-134419:036094][24511]Error in epoll_wait: Invalid argument
[20220101-135055:103489][25914]Error in epoll_wait: Invalid argument
[20220104-145217:826120][28559][20220104-145217:826120][28559]Error in epoll_wait: Invalid argument
[20220105-144916:848510][29886]Error in epoll_wait: Invalid argument
[20220105-144916:848510][29886]Error in epoll_wait: Invalid argument
[20220105-145805:952517][30545]Error in epoll_wait: Invalid argument
[20220105-153154:967688][31647]Error in epoll_wait: Invalid argument
[20220105-153351:365187][31822]Error in epoll_wait: Invalid argument
[20220105-153903:563625][32704]Error in epoll_wait: Invalid argument
[20220105-153903:563625][32704]Error in epoll_wait: Invalid argument
563646][32705]Error in epoll_wait: Invalid argument
[20220105-154134:634708][984]Error in epoll_wait: Invalid argument
[20220106-140339:907983][2045]Error in epoll_wait: Invalid argument
[20220106-140339:907983][2045]Error in epoll_wait: Invalid argument
[20220106-140339:908427][2046]Error in epoll_wait: Invalid argument
[20220106-140341:935101][2153]Error in epoll_wait: Invalid argument
[20220106-143318:187750][3343]Error in epoll_wait: Invalid argument
[20220107-135027:245915][3712]Error in epoll_wait: Invalid argument
[20220107-135027:245915][3712]Error in epoll_wait: Invalid argument
[20220107-135235:449565][4413]Error in epoll_wait: Invalid argument
[20220108-230620:885501][6599]Error in epoll_wait: Invalid argument
[20220108-230919:566506][7185]Error in epoll_wait: Invalid argument
[20220108-231232:144458][7818]Error in epoll_wait: Invalid argument
[20220108-234136:739443][10229]Error in epoll_wait: Invalid argument
[20220110-143340:715281][12571][20220110-143340:715281][12571]Error in epoll_wait: Invalid argument
[20220110-143340:715336[20220110-143954:265088][14069]Error in epoll_wait: Invalid argument
[20220110-145923:952196][15051]       ESP Conns: 6
[20220110-145923:952290][15051]     CompressReq: #0:0, Alloc=0 B
[20220110-145923:952298][15051]        TokenReq: #0:0, Alloc=0 B
[20220110-145923:952304][15051]   SpeedTokenReq: #0:0, Alloc=0 B
[20220110-145923:952316][15051]    ESPMsgBufCtx: #0:0, Alloc=0 B
[20220110-145923:952321][15051]     PReadReqCtx: #0:0, Alloc=0 B
[20220110-145923:952327][15051]     MetaReqPool: #0:0, Alloc=0 B
[20220110-145923:952332][15051]     BlockPacket: #0:0, Alloc=0 B
[20220110-145923:952338][15051]  BlockPacketReq: #0:0, Alloc=0 B
[20220110-145923:952343][15051]    BlockMetaCtx: #0:0, Alloc=0 B
[20220110-145923:952349][15051]   AppendRequest: #0:0, Alloc=0 B
[20220110-145923:952354][15051]    CloseRequest: #0:0, Alloc=0 B
[20220110-145923:952360][15051]    FlushRequest: #0:0, Alloc=0 B
[20220110-145923:952368][15051]RefreshFileRequest: #0:0, Alloc=0 B
[20220110-145923:952373][15051]     ReadRequest: #0:0, Alloc=0 B
[20220110-145923:952379][15051] ReadSeekRequest: #0:0, Alloc=0 B
[20220110-145923:952384][15051]   DeleteRequest: #0:0, Alloc=0 B
[20220110-145923:952389][15051]inode_cache_info_pool: #0:0, Alloc=0 B
[20220110-145923:952407][15051]        talk_req: #1023:1024, Alloc=156.00 KB
[20220110-145923:952414][15051]     message_ctx: #1023:1024, Alloc=124.00 KB
[20220110-145923:952420][15051]       BufHandle: #1017:1024, Alloc=36.00 KB
[20220110-145923:952426][15051]      TranBuffer: #65529:65536:131072 (100.0%), Max=1.00 GB
[20220110-145923:952435][15051]         MsgPool: #1018:1024, Alloc=128.00 KB
[20220110-145923:952440][15051]        CodecReq: #0:0, Alloc=0 B
[20220110-145923:952447][15051]           Total: Free=512.38 MB, Alloc=524732 KB (512.43 MB)
[20220110-145923:952453][15051]Exec total 1367 jobs
[20220110-145923:952459][15051]Exec #0(15051) queue: 3:740 jobs, working
[20220110-145923:952465][15051]Exec #1(15052) queue: 0:613 jobs
[20220110-145923:952473][15051]Exec #2(15053) queue: 0:0 jobs
[20220110-145923:952479][15051]Exec #3(15054) queue: 0:0 jobs
[20220110-145923:952484][15051]Exec #4(15055) queue: 0:2 jobs
[20220110-145923:952489][15051]Exec #5(15056) queue: 0:2 jobs
[20220110-145923:952495][15051]Exec #6(15057) queue: 0:2 jobs
[20220110-145923:952500][15051]Exec #7(15058) queue: 0:0 jobs
[20220110-145923:952506][15051]Exec #8(15059) queue: 0:0 jobs
[20220110-145923:952511][15051]Exec #9(15060) queue: 0:3 jobs
[20220110-145923:952516][15051]Exec #10(15061) queue: 0:0 jobs
[20220110-145923:952522][15051]Exec #11(15062) queue: 0:5 jobs
[20220110-145923:952527][15051]Exec #12(15063) queue: 0:0 jobs
[20220112-162413:914090][16072]Error in epoll_wait: Invalid argument
[20220112-162413:914687][16071]Error in epoll_wait: Invalid argument
[20220112-162413:914688][16073]Error in epoll_wait: Invalid argument
[20220112-162906:001084][16875]Error in epoll_wait: Invalid argument
[20220112-162906:001119][16876]Error in epoll_wait: Invalid argument
[20220112-163729:744498][17504][20220112-163729:744498][17504]Error in epoll_wait: Invalid argument
[20220112-163844:210788][17546]       ESP Conns: 5
[20220112-163844:210882][17546]     CompressReq: #0:0, Alloc=0 B
[20220112-163844:210890][17546]        TokenReq: #0:0, Alloc=0 B
[20220112-163844:210896][17546]   SpeedTokenReq: #0:0, Alloc=0 B
[20220112-163844:210902][17546]    ESPMsgBufCtx: #0:0, Alloc=0 B
[20220112-163844:210908][17546]     PReadReqCtx: #0:0, Alloc=0 B
[20220112-163844:210913][17546]     MetaReqPool: #0:0, Alloc=0 B
[20220112-163844:210919][17546]     BlockPacket: #0:0, Alloc=0 B
[20220112-163844:210925][17546]  BlockPacketReq: #0:0, Alloc=0 B
[20220112-163844:210930][17546]    BlockMetaCtx: #0:0, Alloc=0 B
[20220112-163844:210935][17546]   AppendRequest: #0:0, Alloc=0 B
[20220112-163844:210953][17546]    CloseRequest: #0:0, Alloc=0 B
[20220112-163844:210958][17546]    FlushRequest: #0:0, Alloc=0 B
[20220112-163844:210964][17546]RefreshFileRequest: #0:0, Alloc=0 B
[20220112-163844:210969][17546]     ReadRequest: #0:0, Alloc=0 B
[20220112-163844:210973][17546] ReadSeekRequest: #0:0, Alloc=0 B
[20220112-163844:210978][17546]   DeleteRequest: #0:0, Alloc=0 B
[20220112-163844:210983][17546]inode_cache_info_pool: #0:0, Alloc=0 B
[20220112-163844:211001][17546]        talk_req: #1023:1024, Alloc=156.00 KB
[20220112-163844:211008][17546]     message_ctx: #1023:1024, Alloc=124.00 KB
[20220112-163844:211014][17546]       BufHandle: #1018:1024, Alloc=36.00 KB
[20220112-163844:211020][17546]      TranBuffer: #65530:65536:131072 (100.0%), Max=1.00 GB
[20220112-163844:211027][17546]         MsgPool: #1019:1024, Alloc=128.00 KB
[20220112-163844:211032][17546]        CodecReq: #0:0, Alloc=0 B
[20220112-163844:211039][17546]           Total: Free=512.39 MB, Alloc=524732 KB (512.43 MB)
[20220112-163844:211045][17546]Exec total 1378 jobs
[20220112-163844:211050][17546]Exec #0(17546) queue: 3:745 jobs, working
[20220112-163844:211056][17546]Exec #1(17547) queue: 0:613 jobs
[20220112-163844:211061][17546]Exec #2(17548) queue: 0:0 jobs
[20220112-163844:211066][17546]Exec #3(17549) queue: 0:0 jobs
[20220112-163844:211070][17546]Exec #4(17550) queue: 0:0 jobs
[20220112-163844:211075][17546]Exec #5(17551) queue: 0:0 jobs
[20220112-163844:211080][17546]Exec #6(17552) queue: 0:6 jobs
[20220112-163844:211085][17546]Exec #7(17553) queue: 0:0 jobs
[20220112-163844:211090][17546]Exec #8(17554) queue: 0:0 jobs
[20220112-163844:211094][17546]Exec #9(17555) queue: 0:5 jobs
[20220112-163844:211099][17546]Exec #10(17556) queue: 0:0 jobs
[20220112-163844:211104][17546]Exec #11(17557) queue: 0:6 jobs
[20220112-163844:211108][17546]Exec #12(17558) queue: 0:3 jobs
